
*** Running vivado
    with args -log top.vds -m64 -product Vivado -mode batch -messageDb vivado.pb -notrace -source top.tcl



****** Vivado v2023.1 (64-bit)
  **** SW Build 3865809 on Sun May  7 15:05:29 MDT 2023
  **** IP Build 3864474 on Sun May  7 20:36:21 MDT 2023
  **** SharedData Build 3865790 on Sun May 07 13:33:03 MDT 2023
    ** Copyright 1986-2022 Xilinx, Inc. All Rights Reserved.
    ** Copyright 2022-2023 Advanced Micro Devices, Inc. All Rights Reserved.

source top.tcl -notrace
Command: read_checkpoint -auto_incremental -incremental D:/fpga/FPGA_smart_car/FPGA_smart_car.srcs/utils_1/imports/synth_1/top.dcp
INFO: [Vivado 12-5825] Read reference checkpoint from D:/fpga/FPGA_smart_car/FPGA_smart_car.srcs/utils_1/imports/synth_1/top.dcp for incremental synthesis
INFO: [Vivado 12-7989] Please ensure there are no constraint changes
Command: synth_design -top top -part xc7a100tcsg324-1
Starting synth_design
Attempting to get a license for feature 'Synthesis' and/or device 'xc7a100t'
INFO: [Common 17-349] Got license for feature 'Synthesis' and/or device 'xc7a100t'
INFO: [Device 21-403] Loading part xc7a100tcsg324-1
INFO: [Designutils 20-5440] No compile time benefit to using incremental synthesis; A full resynthesis will be run
INFO: [Designutils 20-4379] Flow is switching to default flow due to incremental criteria not met. If you would like to alter this behaviour and have the flow terminate instead, please set the following parameter config_implementation {autoIncr.Synth.RejectBehavior Terminate}
INFO: [Synth 8-7079] Multithreading enabled for synth_design using a maximum of 2 processes.
INFO: [Synth 8-7078] Launching helper process for spawning children vivado processes
INFO: [Synth 8-7075] Helper process launched with PID 14080
INFO: [Synth 8-11241] undeclared symbol 'ack', assumed default net type 'wire' [D:/fpga/FPGA_smart_car/FPGA_smart_car.srcs/sources_1/new/reg_config.v:26]
INFO: [Synth 8-11241] undeclared symbol 'tr_end', assumed default net type 'wire' [D:/fpga/FPGA_smart_car/FPGA_smart_car.srcs/sources_1/new/reg_config.v:29]
---------------------------------------------------------------------------------
Starting RTL Elaboration : Time (s): cpu = 00:00:02 ; elapsed = 00:00:04 . Memory (MB): peak = 2314.340 ; gain = 410.484
---------------------------------------------------------------------------------
INFO: [Synth 8-6157] synthesizing module 'top' [D:/fpga/FPGA_smart_car/FPGA_smart_car.srcs/sources_1/new/top.v:3]
INFO: [Synth 8-6157] synthesizing module 'blk_mem_gen_0' [D:/fpga/FPGA_smart_car/FPGA_smart_car.runs/synth_1/.Xil/Vivado-7012-lgy/realtime/blk_mem_gen_0_stub.v:6]
INFO: [Synth 8-6155] done synthesizing module 'blk_mem_gen_0' (0#1) [D:/fpga/FPGA_smart_car/FPGA_smart_car.runs/synth_1/.Xil/Vivado-7012-lgy/realtime/blk_mem_gen_0_stub.v:6]
INFO: [Synth 8-6157] synthesizing module 'clk_wiz_0' [D:/fpga/FPGA_smart_car/FPGA_smart_car.runs/synth_1/.Xil/Vivado-7012-lgy/realtime/clk_wiz_0_stub.v:6]
INFO: [Synth 8-6155] done synthesizing module 'clk_wiz_0' (0#1) [D:/fpga/FPGA_smart_car/FPGA_smart_car.runs/synth_1/.Xil/Vivado-7012-lgy/realtime/clk_wiz_0_stub.v:6]
WARNING: [Synth 8-7071] port 'locked' of module 'clk_wiz_0' is unconnected for instance 'clk' [D:/fpga/FPGA_smart_car/FPGA_smart_car.srcs/sources_1/new/top.v:66]
WARNING: [Synth 8-7023] instance 'clk' of module 'clk_wiz_0' has 6 connections declared, but only 5 given [D:/fpga/FPGA_smart_car/FPGA_smart_car.srcs/sources_1/new/top.v:66]
INFO: [Synth 8-6157] synthesizing module 'ov5640_capture' [D:/fpga/FPGA_smart_car/FPGA_smart_car.srcs/sources_1/new/ov5640_capture.v:1]
INFO: [Synth 8-6155] done synthesizing module 'ov5640_capture' (0#1) [D:/fpga/FPGA_smart_car/FPGA_smart_car.srcs/sources_1/new/ov5640_capture.v:1]
INFO: [Synth 8-6157] synthesizing module 'ov5640_vga' [D:/fpga/FPGA_smart_car/FPGA_smart_car.srcs/sources_1/new/ov5640_vga.v:1]
INFO: [Synth 8-6155] done synthesizing module 'ov5640_vga' (0#1) [D:/fpga/FPGA_smart_car/FPGA_smart_car.srcs/sources_1/new/ov5640_vga.v:1]
INFO: [Synth 8-6157] synthesizing module 'power_on_delay' [D:/fpga/FPGA_smart_car/FPGA_smart_car.srcs/sources_1/new/power_on_delay.v:2]
INFO: [Synth 8-6155] done synthesizing module 'power_on_delay' (0#1) [D:/fpga/FPGA_smart_car/FPGA_smart_car.srcs/sources_1/new/power_on_delay.v:2]
WARNING: [Synth 8-7071] port 'camera2_rstn' of module 'power_on_delay' is unconnected for instance 'power' [D:/fpga/FPGA_smart_car/FPGA_smart_car.srcs/sources_1/new/top.v:101]
WARNING: [Synth 8-7023] instance 'power' of module 'power_on_delay' has 6 connections declared, but only 5 given [D:/fpga/FPGA_smart_car/FPGA_smart_car.srcs/sources_1/new/top.v:101]
INFO: [Synth 8-6157] synthesizing module 'reg_config' [D:/fpga/FPGA_smart_car/FPGA_smart_car.srcs/sources_1/new/reg_config.v:2]
INFO: [Synth 8-6157] synthesizing module 'i2c_com' [D:/fpga/FPGA_smart_car/FPGA_smart_car.srcs/sources_1/new/i2c_com.v:2]
INFO: [Synth 8-155] case statement is not full and has no default [D:/fpga/FPGA_smart_car/FPGA_smart_car.srcs/sources_1/new/i2c_com.v:59]
INFO: [Synth 8-6155] done synthesizing module 'i2c_com' (0#1) [D:/fpga/FPGA_smart_car/FPGA_smart_car.srcs/sources_1/new/i2c_com.v:2]
INFO: [Synth 8-155] case statement is not full and has no default [D:/fpga/FPGA_smart_car/FPGA_smart_car.srcs/sources_1/new/reg_config.v:60]
INFO: [Synth 8-6155] done synthesizing module 'reg_config' (0#1) [D:/fpga/FPGA_smart_car/FPGA_smart_car.srcs/sources_1/new/reg_config.v:2]
WARNING: [Synth 8-7071] port 'clock_20k' of module 'reg_config' is unconnected for instance 'configs' [D:/fpga/FPGA_smart_car/FPGA_smart_car.srcs/sources_1/new/top.v:110]
WARNING: [Synth 8-7071] port 'reg_conf_done_reg' of module 'reg_config' is unconnected for instance 'configs' [D:/fpga/FPGA_smart_car/FPGA_smart_car.srcs/sources_1/new/top.v:110]
WARNING: [Synth 8-7023] instance 'configs' of module 'reg_config' has 9 connections declared, but only 7 given [D:/fpga/FPGA_smart_car/FPGA_smart_car.srcs/sources_1/new/top.v:110]
INFO: [Synth 8-6157] synthesizing module 'seg_disp' [D:/fpga/FPGA_smart_car/FPGA_smart_car.srcs/sources_1/new/BCD.v:1]
INFO: [Synth 8-6157] synthesizing module 'bintobcd8' [D:/fpga/FPGA_smart_car/FPGA_smart_car.srcs/sources_1/new/BCD.v:30]
INFO: [Synth 8-6155] done synthesizing module 'bintobcd8' (0#1) [D:/fpga/FPGA_smart_car/FPGA_smart_car.srcs/sources_1/new/BCD.v:30]
INFO: [Synth 8-6157] synthesizing module 'scan_led_disp' [D:/fpga/FPGA_smart_car/FPGA_smart_car.srcs/sources_1/new/BCD.v:57]
INFO: [Synth 8-6155] done synthesizing module 'scan_led_disp' (0#1) [D:/fpga/FPGA_smart_car/FPGA_smart_car.srcs/sources_1/new/BCD.v:57]
INFO: [Synth 8-6155] done synthesizing module 'seg_disp' (0#1) [D:/fpga/FPGA_smart_car/FPGA_smart_car.srcs/sources_1/new/BCD.v:1]
INFO: [Synth 8-6157] synthesizing module 'car_left_or_right' [D:/fpga/FPGA_smart_car/FPGA_smart_car.srcs/sources_1/new/car.v:1]
INFO: [Synth 8-6155] done synthesizing module 'car_left_or_right' (0#1) [D:/fpga/FPGA_smart_car/FPGA_smart_car.srcs/sources_1/new/car.v:1]
INFO: [Synth 8-6157] synthesizing module 'car_run_or_stop' [D:/fpga/FPGA_smart_car/FPGA_smart_car.srcs/sources_1/new/car.v:24]
INFO: [Synth 8-6155] done synthesizing module 'car_run_or_stop' (0#1) [D:/fpga/FPGA_smart_car/FPGA_smart_car.srcs/sources_1/new/car.v:24]
INFO: [Synth 8-6157] synthesizing module 'speed_code' [D:/fpga/FPGA_smart_car/FPGA_smart_car.srcs/sources_1/new/pwm.v:22]
INFO: [Synth 8-6155] done synthesizing module 'speed_code' (0#1) [D:/fpga/FPGA_smart_car/FPGA_smart_car.srcs/sources_1/new/pwm.v:22]
INFO: [Synth 8-6157] synthesizing module 'car_pwm' [D:/fpga/FPGA_smart_car/FPGA_smart_car.srcs/sources_1/new/pwm.v:1]
INFO: [Synth 8-6155] done synthesizing module 'car_pwm' (0#1) [D:/fpga/FPGA_smart_car/FPGA_smart_car.srcs/sources_1/new/pwm.v:1]
INFO: [Synth 8-6155] done synthesizing module 'top' (0#1) [D:/fpga/FPGA_smart_car/FPGA_smart_car.srcs/sources_1/new/top.v:3]
WARNING: [Synth 8-7137] Register i2c_data_reg in module reg_config has both Set and reset with same priority. This may cause simulation mismatches. Consider rewriting code  [D:/fpga/FPGA_smart_car/FPGA_smart_car.srcs/sources_1/new/reg_config.v:27]
WARNING: [Synth 8-7137] Register an_reg in module scan_led_disp has both Set and reset with same priority. This may cause simulation mismatches. Consider rewriting code  [D:/fpga/FPGA_smart_car/FPGA_smart_car.srcs/sources_1/new/BCD.v:79]
WARNING: [Synth 8-7129] Port speed[0] in module speed_code is either unconnected or has no load
WARNING: [Synth 8-7129] Port middle_pixel_count[19] in module car_left_or_right is either unconnected or has no load
WARNING: [Synth 8-7129] Port middle_pixel_count[18] in module car_left_or_right is either unconnected or has no load
WARNING: [Synth 8-7129] Port middle_pixel_count[17] in module car_left_or_right is either unconnected or has no load
WARNING: [Synth 8-7129] Port middle_pixel_count[16] in module car_left_or_right is either unconnected or has no load
WARNING: [Synth 8-7129] Port middle_pixel_count[15] in module car_left_or_right is either unconnected or has no load
WARNING: [Synth 8-7129] Port middle_pixel_count[14] in module car_left_or_right is either unconnected or has no load
WARNING: [Synth 8-7129] Port middle_pixel_count[13] in module car_left_or_right is either unconnected or has no load
WARNING: [Synth 8-7129] Port middle_pixel_count[12] in module car_left_or_right is either unconnected or has no load
WARNING: [Synth 8-7129] Port middle_pixel_count[11] in module car_left_or_right is either unconnected or has no load
WARNING: [Synth 8-7129] Port middle_pixel_count[10] in module car_left_or_right is either unconnected or has no load
WARNING: [Synth 8-7129] Port middle_pixel_count[9] in module car_left_or_right is either unconnected or has no load
WARNING: [Synth 8-7129] Port middle_pixel_count[8] in module car_left_or_right is either unconnected or has no load
WARNING: [Synth 8-7129] Port middle_pixel_count[7] in module car_left_or_right is either unconnected or has no load
WARNING: [Synth 8-7129] Port middle_pixel_count[6] in module car_left_or_right is either unconnected or has no load
WARNING: [Synth 8-7129] Port middle_pixel_count[5] in module car_left_or_right is either unconnected or has no load
WARNING: [Synth 8-7129] Port middle_pixel_count[4] in module car_left_or_right is either unconnected or has no load
WARNING: [Synth 8-7129] Port middle_pixel_count[3] in module car_left_or_right is either unconnected or has no load
WARNING: [Synth 8-7129] Port middle_pixel_count[2] in module car_left_or_right is either unconnected or has no load
WARNING: [Synth 8-7129] Port middle_pixel_count[1] in module car_left_or_right is either unconnected or has no load
WARNING: [Synth 8-7129] Port middle_pixel_count[0] in module car_left_or_right is either unconnected or has no load
WARNING: [Synth 8-7129] Port initial_en in module reg_config is either unconnected or has no load
---------------------------------------------------------------------------------
Finished RTL Elaboration : Time (s): cpu = 00:00:02 ; elapsed = 00:00:05 . Memory (MB): peak = 2415.527 ; gain = 511.672
---------------------------------------------------------------------------------
---------------------------------------------------------------------------------
Start Handling Custom Attributes
---------------------------------------------------------------------------------
---------------------------------------------------------------------------------
Finished Handling Custom Attributes : Time (s): cpu = 00:00:02 ; elapsed = 00:00:05 . Memory (MB): peak = 2433.445 ; gain = 529.590
---------------------------------------------------------------------------------
---------------------------------------------------------------------------------
Finished RTL Optimization Phase 1 : Time (s): cpu = 00:00:02 ; elapsed = 00:00:05 . Memory (MB): peak = 2433.445 ; gain = 529.590
---------------------------------------------------------------------------------
Netlist sorting complete. Time (s): cpu = 00:00:00 ; elapsed = 00:00:00.009 . Memory (MB): peak = 2433.445 ; gain = 0.000
INFO: [Project 1-570] Preparing netlist for logic optimization

Processing XDC Constraints
Initializing timing engine
Parsing XDC File [D:/fpga/FPGA_smart_car/FPGA_smart_car.runs/synth_1/.Xil/Vivado-7012-lgy/clk_wiz_0/clk_wiz_0/clk_wiz_0_in_context.xdc] for cell 'clk'
Finished Parsing XDC File [D:/fpga/FPGA_smart_car/FPGA_smart_car.runs/synth_1/.Xil/Vivado-7012-lgy/clk_wiz_0/clk_wiz_0/clk_wiz_0_in_context.xdc] for cell 'clk'
Parsing XDC File [D:/fpga/FPGA_smart_car/FPGA_smart_car.runs/synth_1/.Xil/Vivado-7012-lgy/blk_mem_gen_0/blk_mem_gen_0/blk_mem_gen_0_in_context.xdc] for cell 'bram'
Finished Parsing XDC File [D:/fpga/FPGA_smart_car/FPGA_smart_car.runs/synth_1/.Xil/Vivado-7012-lgy/blk_mem_gen_0/blk_mem_gen_0/blk_mem_gen_0_in_context.xdc] for cell 'bram'
Parsing XDC File [D:/fpga/FPGA_smart_car/FPGA_smart_car.srcs/constrs_1/new/vga_cons.xdc]
WARNING: [Vivado 12-507] No nets matched 'pclk_IBUF'. [D:/fpga/FPGA_smart_car/FPGA_smart_car.srcs/constrs_1/new/vga_cons.xdc:74]
Finished Parsing XDC File [D:/fpga/FPGA_smart_car/FPGA_smart_car.srcs/constrs_1/new/vga_cons.xdc]
WARNING: [Project 1-498] One or more constraints failed evaluation while reading constraint file [D:/fpga/FPGA_smart_car/FPGA_smart_car.srcs/constrs_1/new/vga_cons.xdc] and the design contains unresolved black boxes. These constraints will be read post-synthesis (as long as their source constraint file is marked as used_in_implementation) and should be applied correctly then. You should review the constraints listed in the file [.Xil/top_propImpl.xdc] and check the run log file to verify that these constraints were correctly applied.
INFO: [Project 1-236] Implementation specific constraints were found while reading constraint file [D:/fpga/FPGA_smart_car/FPGA_smart_car.srcs/constrs_1/new/vga_cons.xdc]. These constraints will be ignored for synthesis but will be used in implementation. Impacted constraints are listed in the file [.Xil/top_propImpl.xdc].
Resolution: To avoid this warning, move constraints listed in [.Xil/top_propImpl.xdc] to another XDC file and exclude this new file from synthesis with the used_in_synthesis property (File Properties dialog in GUI) and re-run elaboration/synthesis.
Completed Processing XDC Constraints

Netlist sorting complete. Time (s): cpu = 00:00:00 ; elapsed = 00:00:00 . Memory (MB): peak = 2546.141 ; gain = 0.000
INFO: [Project 1-111] Unisim Transformation Summary:
No Unisim elements were transformed.

Constraint Validation Runtime : Time (s): cpu = 00:00:00 ; elapsed = 00:00:00.004 . Memory (MB): peak = 2546.141 ; gain = 0.000
INFO: [Designutils 20-5440] No compile time benefit to using incremental synthesis; A full resynthesis will be run
INFO: [Designutils 20-4379] Flow is switching to default flow due to incremental criteria not met. If you would like to alter this behaviour and have the flow terminate instead, please set the following parameter config_implementation {autoIncr.Synth.RejectBehavior Terminate}
---------------------------------------------------------------------------------
Finished Constraint Validation : Time (s): cpu = 00:00:06 ; elapsed = 00:00:10 . Memory (MB): peak = 2546.141 ; gain = 642.285
---------------------------------------------------------------------------------
---------------------------------------------------------------------------------
Start Loading Part and Timing Information
---------------------------------------------------------------------------------
Loading part: xc7a100tcsg324-1
---------------------------------------------------------------------------------
Finished Loading Part and Timing Information : Time (s): cpu = 00:00:06 ; elapsed = 00:00:10 . Memory (MB): peak = 2546.141 ; gain = 642.285
---------------------------------------------------------------------------------
---------------------------------------------------------------------------------
Start Applying 'set_property' XDC Constraints
---------------------------------------------------------------------------------
Applied set_property IO_BUFFER_TYPE = NONE for sys_clock. (constraint file  D:/fpga/FPGA_smart_car/FPGA_smart_car.runs/synth_1/.Xil/Vivado-7012-lgy/clk_wiz_0/clk_wiz_0/clk_wiz_0_in_context.xdc, line 5).
Applied set_property CLOCK_BUFFER_TYPE = NONE for sys_clock. (constraint file  D:/fpga/FPGA_smart_car/FPGA_smart_car.runs/synth_1/.Xil/Vivado-7012-lgy/clk_wiz_0/clk_wiz_0/clk_wiz_0_in_context.xdc, line 6).
Applied set_property KEEP_HIERARCHY = SOFT for clk. (constraint file  auto generated constraint).
Applied set_property KEEP_HIERARCHY = SOFT for bram. (constraint file  auto generated constraint).
---------------------------------------------------------------------------------
Finished applying 'set_property' XDC Constraints : Time (s): cpu = 00:00:06 ; elapsed = 00:00:10 . Memory (MB): peak = 2546.141 ; gain = 642.285
---------------------------------------------------------------------------------
WARNING: [Synth 8-3936] Found unconnected internal register 'd_latch_reg' and it is trimmed from '16' to '12' bits. [D:/fpga/FPGA_smart_car/FPGA_smart_car.srcs/sources_1/new/ov5640_capture.v:24]
INFO: [Synth 8-802] inferred FSM for state register 'config_step_reg' in module 'reg_config'
---------------------------------------------------------------------------------------------------
                   State |                     New Encoding |                Previous Encoding 
---------------------------------------------------------------------------------------------------
                  iSTATE |                              001 |                               00
                 iSTATE0 |                              010 |                               01
                 iSTATE1 |                              100 |                               10
---------------------------------------------------------------------------------------------------
INFO: [Synth 8-3354] encoded FSM with state register 'config_step_reg' using encoding 'one-hot' in module 'reg_config'
---------------------------------------------------------------------------------
Finished RTL Optimization Phase 2 : Time (s): cpu = 00:00:06 ; elapsed = 00:00:11 . Memory (MB): peak = 2546.141 ; gain = 642.285
---------------------------------------------------------------------------------
---------------------------------------------------------------------------------
Start RTL Component Statistics 
---------------------------------------------------------------------------------
Detailed RTL Component Info : 
+---Adders : 
	   3 Input   22 Bit       Adders := 1     
	   3 Input   21 Bit       Adders := 2     
	   2 Input   20 Bit       Adders := 5     
	   2 Input   11 Bit       Adders := 1     
	   2 Input   10 Bit       Adders := 2     
	   3 Input   10 Bit       Adders := 1     
	   2 Input    9 Bit       Adders := 2     
	   2 Input    8 Bit       Adders := 3     
	   2 Input    6 Bit       Adders := 1     
	   2 Input    4 Bit       Adders := 10    
	   2 Input    3 Bit       Adders := 2     
+---Registers : 
	               32 Bit    Registers := 1     
	               20 Bit    Registers := 6     
	               19 Bit    Registers := 1     
	               16 Bit    Registers := 1     
	               12 Bit    Registers := 2     
	               10 Bit    Registers := 2     
	                9 Bit    Registers := 2     
	                8 Bit    Registers := 3     
	                6 Bit    Registers := 1     
	                4 Bit    Registers := 4     
	                3 Bit    Registers := 1     
	                2 Bit    Registers := 2     
	                1 Bit    Registers := 18    
+---Muxes : 
	   2 Input   20 Bit        Muxes := 8     
	   4 Input   20 Bit        Muxes := 1     
	   2 Input   11 Bit        Muxes := 1     
	   2 Input    8 Bit        Muxes := 2     
	   2 Input    6 Bit        Muxes := 1     
	   2 Input    4 Bit        Muxes := 15    
	   2 Input    2 Bit        Muxes := 2     
	   2 Input    1 Bit        Muxes := 12    
	  43 Input    1 Bit        Muxes := 7     
	   3 Input    1 Bit        Muxes := 2     
---------------------------------------------------------------------------------
Finished RTL Component Statistics 
---------------------------------------------------------------------------------
---------------------------------------------------------------------------------
Start Part Resource Summary
---------------------------------------------------------------------------------
Part Resources:
DSPs: 240 (col length:80)
BRAMs: 270 (col length: RAMB18 80 RAMB36 40)
---------------------------------------------------------------------------------
Finished Part Resource Summary
---------------------------------------------------------------------------------
---------------------------------------------------------------------------------
Start Cross Boundary and Area Optimization
---------------------------------------------------------------------------------
WARNING: [Synth 8-7080] Parallel synthesis criteria is not met
---------------------------------------------------------------------------------
Finished Cross Boundary and Area Optimization : Time (s): cpu = 00:00:10 ; elapsed = 00:00:16 . Memory (MB): peak = 2546.141 ; gain = 642.285
---------------------------------------------------------------------------------
---------------------------------------------------------------------------------
Start ROM, RAM, DSP, Shift Register and Retiming Reporting
---------------------------------------------------------------------------------

ROM: Preliminary Mapping Report
+------------+------------------+---------------+----------------+
|Module Name | RTL Object       | Depth x Width | Implemented As | 
+------------+------------------+---------------+----------------+
|reg_config  | reg_data         | 512x23        | LUT            | 
|top         | configs/reg_data | 512x23        | LUT            | 
+------------+------------------+---------------+----------------+

---------------------------------------------------------------------------------
Finished ROM, RAM, DSP, Shift Register and Retiming Reporting
---------------------------------------------------------------------------------
---------------------------------------------------------------------------------
Start Applying XDC Timing Constraints
---------------------------------------------------------------------------------
---------------------------------------------------------------------------------
Finished Applying XDC Timing Constraints : Time (s): cpu = 00:00:12 ; elapsed = 00:00:19 . Memory (MB): peak = 2546.141 ; gain = 642.285
---------------------------------------------------------------------------------
---------------------------------------------------------------------------------
Start Timing Optimization
---------------------------------------------------------------------------------
---------------------------------------------------------------------------------
Finished Timing Optimization : Time (s): cpu = 00:00:12 ; elapsed = 00:00:20 . Memory (MB): peak = 2546.141 ; gain = 642.285
---------------------------------------------------------------------------------
---------------------------------------------------------------------------------
Start Technology Mapping
---------------------------------------------------------------------------------
---------------------------------------------------------------------------------
Finished Technology Mapping : Time (s): cpu = 00:00:13 ; elapsed = 00:00:20 . Memory (MB): peak = 2546.141 ; gain = 642.285
---------------------------------------------------------------------------------
---------------------------------------------------------------------------------
Start IO Insertion
---------------------------------------------------------------------------------
---------------------------------------------------------------------------------
Start Flattening Before IO Insertion
---------------------------------------------------------------------------------
---------------------------------------------------------------------------------
Finished Flattening Before IO Insertion
---------------------------------------------------------------------------------
---------------------------------------------------------------------------------
Start Final Netlist Cleanup
---------------------------------------------------------------------------------
---------------------------------------------------------------------------------
Finished Final Netlist Cleanup
---------------------------------------------------------------------------------
---------------------------------------------------------------------------------
Finished IO Insertion : Time (s): cpu = 00:00:15 ; elapsed = 00:00:23 . Memory (MB): peak = 2546.141 ; gain = 642.285
---------------------------------------------------------------------------------
---------------------------------------------------------------------------------
Start Renaming Generated Instances
---------------------------------------------------------------------------------
---------------------------------------------------------------------------------
Finished Renaming Generated Instances : Time (s): cpu = 00:00:15 ; elapsed = 00:00:23 . Memory (MB): peak = 2546.141 ; gain = 642.285
---------------------------------------------------------------------------------
---------------------------------------------------------------------------------
Start Rebuilding User Hierarchy
---------------------------------------------------------------------------------
---------------------------------------------------------------------------------
Finished Rebuilding User Hierarchy : Time (s): cpu = 00:00:15 ; elapsed = 00:00:23 . Memory (MB): peak = 2546.141 ; gain = 642.285
---------------------------------------------------------------------------------
---------------------------------------------------------------------------------
Start Renaming Generated Ports
---------------------------------------------------------------------------------
---------------------------------------------------------------------------------
Finished Renaming Generated Ports : Time (s): cpu = 00:00:15 ; elapsed = 00:00:23 . Memory (MB): peak = 2546.141 ; gain = 642.285
---------------------------------------------------------------------------------
---------------------------------------------------------------------------------
Start Handling Custom Attributes
---------------------------------------------------------------------------------
---------------------------------------------------------------------------------
Finished Handling Custom Attributes : Time (s): cpu = 00:00:15 ; elapsed = 00:00:23 . Memory (MB): peak = 2546.141 ; gain = 642.285
---------------------------------------------------------------------------------
---------------------------------------------------------------------------------
Start Renaming Generated Nets
---------------------------------------------------------------------------------
---------------------------------------------------------------------------------
Finished Renaming Generated Nets : Time (s): cpu = 00:00:15 ; elapsed = 00:00:23 . Memory (MB): peak = 2546.141 ; gain = 642.285
---------------------------------------------------------------------------------
---------------------------------------------------------------------------------
Start Writing Synthesis Report
---------------------------------------------------------------------------------

Report BlackBoxes: 
+------+--------------+----------+
|      |BlackBox name |Instances |
+------+--------------+----------+
|1     |blk_mem_gen_0 |         1|
|2     |clk_wiz_0     |         1|
+------+--------------+----------+

Report Cell Usage: 
+------+------------+------+
|      |Cell        |Count |
+------+------------+------+
|1     |blk_mem_gen |     1|
|2     |clk_wiz     |     1|
|3     |BUFG        |     2|
|4     |CARRY4      |    68|
|5     |LUT1        |    31|
|6     |LUT2        |    74|
|7     |LUT3        |    63|
|8     |LUT4        |    63|
|9     |LUT5        |    59|
|10    |LUT6        |   158|
|11    |MUXF7       |    39|
|12    |MUXF8       |     7|
|13    |FDCE        |    49|
|14    |FDPE        |    11|
|15    |FDRE        |   315|
|16    |IBUF        |    14|
|17    |OBUF        |    38|
|18    |OBUFT       |     1|
+------+------------+------+
---------------------------------------------------------------------------------
Finished Writing Synthesis Report : Time (s): cpu = 00:00:15 ; elapsed = 00:00:23 . Memory (MB): peak = 2546.141 ; gain = 642.285
---------------------------------------------------------------------------------
Synthesis finished with 0 errors, 0 critical warnings and 2 warnings.
Synthesis Optimization Runtime : Time (s): cpu = 00:00:12 ; elapsed = 00:00:21 . Memory (MB): peak = 2546.141 ; gain = 529.590
Synthesis Optimization Complete : Time (s): cpu = 00:00:15 ; elapsed = 00:00:23 . Memory (MB): peak = 2546.141 ; gain = 642.285
INFO: [Project 1-571] Translating synthesized netlist
Netlist sorting complete. Time (s): cpu = 00:00:00 ; elapsed = 00:00:00.009 . Memory (MB): peak = 2546.141 ; gain = 0.000
INFO: [Netlist 29-17] Analyzing 114 Unisim elements for replacement
INFO: [Netlist 29-28] Unisim Transformation completed in 0 CPU seconds
INFO: [Project 1-570] Preparing netlist for logic optimization
INFO: [Opt 31-140] Inserted 1 IBUFs to IO ports without IO buffers.
INFO: [Opt 31-138] Pushed 0 inverter(s) to 0 load pin(s).
Netlist sorting complete. Time (s): cpu = 00:00:00 ; elapsed = 00:00:00 . Memory (MB): peak = 2546.141 ; gain = 0.000
INFO: [Project 1-111] Unisim Transformation Summary:
No Unisim elements were transformed.

Synth Design complete | Checksum: 56c23464
INFO: [Common 17-83] Releasing license: Synthesis
58 Infos, 35 Warnings, 0 Critical Warnings and 0 Errors encountered.
synth_design completed successfully
synth_design: Time (s): cpu = 00:00:16 ; elapsed = 00:00:26 . Memory (MB): peak = 2546.141 ; gain = 1041.141
INFO: [Common 17-1381] The checkpoint 'D:/fpga/FPGA_smart_car/FPGA_smart_car.runs/synth_1/top.dcp' has been generated.
INFO: [runtcl-4] Executing : report_utilization -file top_utilization_synth.rpt -pb top_utilization_synth.pb
INFO: [Common 17-206] Exiting Vivado at Sun Dec 17 14:21:25 2023...
